# JRE version: OpenJDK Runtime Environment (22.0+36) (build 22+36-2370)
# Java VM: OpenJDK 64-Bit Server VM (22+36-2370, mixed mode, sharing, tiered, compressed oops, compressed class ptrs, g1 gc, windows-amd64)
GC Precious Log:
 CardTable entry size: 512
 Card Set container configuration: InlinePtr #cards 4 size 8 Array Of Cards #cards 16 size 48 Howl #buckets 8 coarsen threshold 3686 Howl Bitmap #cards 512 size 80 coarsen threshold 460 Card regions per heap region 1 cards per card region 4096
 CPUs: 16 total, 16 available
 Memory: 16286M
 Large Page Support: Disabled
 NUMA Support: Disabled
 Compressed Oops: Enabled (Zero based)
 Heap Region Size: 2M
 Heap Min Capacity: 8M
 Heap Initial Capacity: 256M
 Heap Max Capacity: 4072M
 Pre-touch: Disabled
 Parallel Workers: 13
 Concurrent Workers: 3
 Concurrent Refinement Workers: 13
 Periodic GC: Disabled
Heap:
 garbage-first heap   total reserved 4169728K, committed 262144K, used 124273K [0x0000000701800000, 0x0000000800000000)
  region size 2048K, 62 young (126976K), 2 survivors (4096K)
 Metaspace       used 7907K, committed 8192K, reserved 1114112K
  class space    used 442K, committed 576K, reserved 1048576K
GC Heap History (8 events):
Event: 29.787 GC heap before
{Heap before GC invocations=0 (full 0):
 garbage-first heap   total reserved 4169728K, committed 262144K, used 24576K [0x0000000701800000, 0x0000000800000000)
  region size 2048K, 12 young (24576K), 0 survivors (0K)
 Metaspace       used 7628K, committed 7872K, reserved 1114112K
  class space    used 441K, committed 576K, reserved 1048576K
}
Event: 29.789 GC heap after
{Heap after GC invocations=1 (full 0):
 garbage-first heap   total reserved 4169728K, committed 262144K, used 3365K [0x0000000701800000, 0x0000000800000000)
  region size 2048K, 2 young (4096K), 2 survivors (4096K)
 Metaspace       used 7628K, committed 7872K, reserved 1114112K
  class space    used 441K, committed 576K, reserved 1048576K
}
Event: 79.484 GC heap before
{Heap before GC invocations=1 (full 0):
 garbage-first heap   total reserved 4169728K, committed 262144K, used 44325K [0x0000000701800000, 0x0000000800000000)
  region size 2048K, 22 young (45056K), 2 survivors (4096K)
 Metaspace       used 7860K, committed 8128K, reserved 1114112K
  class space    used 441K, committed 576K, reserved 1048576K
}
Event: 79.486 GC heap after
{Heap after GC invocations=2 (full 0):
 garbage-first heap   total reserved 4169728K, committed 262144K, used 3454K [0x0000000701800000, 0x0000000800000000)
  region size 2048K, 2 young (4096K), 2 survivors (4096K)
 Metaspace       used 7860K, committed 8128K, reserved 1114112K
  class space    used 441K, committed 576K, reserved 1048576K
}
Event: 347.203 GC heap before
{Heap before GC invocations=2 (full 0):
 garbage-first heap   total reserved 4169728K, committed 262144K, used 155006K [0x0000000701800000, 0x0000000800000000)
  region size 2048K, 76 young (155648K), 2 survivors (4096K)
 Metaspace       used 7900K, committed 8192K, reserved 1114112K
  class space    used 441K, committed 576K, reserved 1048576K
}
Event: 347.205 GC heap after
{Heap after GC invocations=3 (full 0):
 garbage-first heap   total reserved 4169728K, committed 262144K, used 3581K [0x0000000701800000, 0x0000000800000000)
  region size 2048K, 2 young (4096K), 2 survivors (4096K)
 Metaspace       used 7900K, committed 8192K, reserved 1114112K
  class space    used 441K, committed 576K, reserved 1048576K
}
Event: 592.554 GC heap before
{Heap before GC invocations=3 (full 0):
 garbage-first heap   total reserved 4169728K, committed 262144K, used 155133K [0x0000000701800000, 0x0000000800000000)
  region size 2048K, 76 young (155648K), 2 survivors (4096K)
 Metaspace       used 7903K, committed 8192K, reserved 1114112K
  class space    used 441K, committed 576K, reserved 1048576K
}
Event: 592.556 GC heap after
{Heap after GC invocations=4 (full 0):
 garbage-first heap   total reserved 4169728K, committed 262144K, used 3441K [0x0000000701800000, 0x0000000800000000)
  region size 2048K, 2 young (4096K), 2 survivors (4096K)
 Metaspace       used 7903K, committed 8192K, reserved 1114112K
  class space    used 441K, committed 576K, reserved 1048576K
}

